  [1m[36m (36.2ms)[0m  [1mCREATE TABLE "schema_migrations" ("version" character varying(255) NOT NULL) [0m
  [1m[35m (48.0ms)[0m  CREATE UNIQUE INDEX  "unique_schema_migrations" ON "schema_migrations"  ("version")
  [1m[36mActiveRecord::SchemaMigration Load (0.4ms)[0m  [1mSELECT "schema_migrations".* FROM "schema_migrations"[0m
  [1m[36mActiveRecord::SchemaMigration Load (0.3ms)[0m  [1mSELECT "schema_migrations".* FROM "schema_migrations"[0m
Migrating to DeviseCreateUsuarios (20150514125629)
  [1m[35m (0.1ms)[0m  BEGIN
  [1m[36m (66.1ms)[0m  [1mCREATE TABLE "usuarios" ("id" serial primary key, "email" character varying(255) DEFAULT '' NOT NULL, "encrypted_password" character varying(255) DEFAULT '' NOT NULL, "reset_password_token" character varying(255), "reset_password_sent_at" timestamp, "remember_created_at" timestamp, "sign_in_count" integer DEFAULT 0 NOT NULL, "current_sign_in_at" timestamp, "last_sign_in_at" timestamp, "current_sign_in_ip" character varying(255), "last_sign_in_ip" character varying(255), "created_at" timestamp, "updated_at" timestamp) [0m
  [1m[35m (23.0ms)[0m  CREATE UNIQUE INDEX  "index_usuarios_on_email" ON "usuarios"  ("email")
  [1m[36m (106.6ms)[0m  [1mCREATE UNIQUE INDEX  "index_usuarios_on_reset_password_token" ON "usuarios"  ("reset_password_token")[0m
  [1m[35mSQL (0.4ms)[0m  INSERT INTO "schema_migrations" ("version") VALUES ($1)  [["version", "20150514125629"]]
  [1m[36m (18.5ms)[0m  [1mCOMMIT[0m
  [1m[35mActiveRecord::SchemaMigration Load (0.3ms)[0m  SELECT "schema_migrations".* FROM "schema_migrations"


Started GET "/" for 127.0.0.1 at 2015-05-14 10:43:40 -0300
  [1m[36mActiveRecord::SchemaMigration Load (0.4ms)[0m  [1mSELECT "schema_migrations".* FROM "schema_migrations"[0m

ActiveRecord::PendingMigrationError (

Migrations are pending. To resolve this issue, run:

	bin/rake db:migrate RAILS_ENV=development

):
  activerecord (4.1.6) lib/active_record/migration.rb:389:in `check_pending!'
  activerecord (4.1.6) lib/active_record/migration.rb:377:in `call'
  actionpack (4.1.6) lib/action_dispatch/middleware/callbacks.rb:29:in `block in call'
  activesupport (4.1.6) lib/active_support/callbacks.rb:82:in `run_callbacks'
  actionpack (4.1.6) lib/action_dispatch/middleware/callbacks.rb:27:in `call'
  actionpack (4.1.6) lib/action_dispatch/middleware/reloader.rb:73:in `call'
  actionpack (4.1.6) lib/action_dispatch/middleware/remote_ip.rb:76:in `call'
  actionpack (4.1.6) lib/action_dispatch/middleware/debug_exceptions.rb:17:in `call'
  actionpack (4.1.6) lib/action_dispatch/middleware/show_exceptions.rb:30:in `call'
  railties (4.1.6) lib/rails/rack/logger.rb:38:in `call_app'
  railties (4.1.6) lib/rails/rack/logger.rb:20:in `block in call'
  activesupport (4.1.6) lib/active_support/tagged_logging.rb:68:in `block in tagged'
  activesupport (4.1.6) lib/active_support/tagged_logging.rb:26:in `tagged'
  activesupport (4.1.6) lib/active_support/tagged_logging.rb:68:in `tagged'
  railties (4.1.6) lib/rails/rack/logger.rb:20:in `call'
  actionpack (4.1.6) lib/action_dispatch/middleware/request_id.rb:21:in `call'
  rack (1.5.3) lib/rack/methodoverride.rb:21:in `call'
  rack (1.5.3) lib/rack/runtime.rb:17:in `call'
  activesupport (4.1.6) lib/active_support/cache/strategy/local_cache_middleware.rb:26:in `call'
  rack (1.5.3) lib/rack/lock.rb:17:in `call'
  actionpack (4.1.6) lib/action_dispatch/middleware/static.rb:64:in `call'
  rack (1.5.3) lib/rack/sendfile.rb:112:in `call'
  railties (4.1.6) lib/rails/engine.rb:514:in `call'
  railties (4.1.6) lib/rails/application.rb:144:in `call'
  rack (1.5.3) lib/rack/content_length.rb:14:in `call'
  thin (1.6.3) lib/thin/connection.rb:86:in `block in pre_process'
  thin (1.6.3) lib/thin/connection.rb:84:in `catch'
  thin (1.6.3) lib/thin/connection.rb:84:in `pre_process'
  thin (1.6.3) lib/thin/connection.rb:53:in `process'
  thin (1.6.3) lib/thin/connection.rb:39:in `receive_data'
  eventmachine (1.0.4) lib/eventmachine.rb:187:in `run_machine'
  eventmachine (1.0.4) lib/eventmachine.rb:187:in `run'
  thin (1.6.3) lib/thin/backends/base.rb:73:in `start'
  thin (1.6.3) lib/thin/server.rb:162:in `start'
  rack (1.5.3) lib/rack/handler/thin.rb:16:in `run'
  rack (1.5.3) lib/rack/server.rb:264:in `start'
  railties (4.1.6) lib/rails/commands/server.rb:69:in `start'
  railties (4.1.6) lib/rails/commands/commands_tasks.rb:81:in `block in server'
  railties (4.1.6) lib/rails/commands/commands_tasks.rb:76:in `tap'
  railties (4.1.6) lib/rails/commands/commands_tasks.rb:76:in `server'
  railties (4.1.6) lib/rails/commands/commands_tasks.rb:40:in `run_command!'
  railties (4.1.6) lib/rails/commands.rb:17:in `<top (required)>'
  bin/rails:8:in `require'
  bin/rails:8:in `<main>'


  Rendered /home/mondrian/.rvm/gems/ruby-2.0.0-p353/gems/actionpack-4.1.6/lib/action_dispatch/middleware/templates/rescues/_source.erb (0.6ms)
  Rendered /home/mondrian/.rvm/gems/ruby-2.0.0-p353/gems/actionpack-4.1.6/lib/action_dispatch/middleware/templates/rescues/_trace.html.erb (1.1ms)
  Rendered /home/mondrian/.rvm/gems/ruby-2.0.0-p353/gems/actionpack-4.1.6/lib/action_dispatch/middleware/templates/rescues/_request_and_response.html.erb (0.9ms)
  Rendered /home/mondrian/.rvm/gems/ruby-2.0.0-p353/gems/actionpack-4.1.6/lib/action_dispatch/middleware/templates/rescues/diagnostics.erb within rescues/layout (167.5ms)


Started GET "/" for 127.0.0.1 at 2015-05-14 10:43:41 -0300
  [1m[35mActiveRecord::SchemaMigration Load (0.2ms)[0m  SELECT "schema_migrations".* FROM "schema_migrations"

ActiveRecord::PendingMigrationError (

Migrations are pending. To resolve this issue, run:

	bin/rake db:migrate RAILS_ENV=development

):
  activerecord (4.1.6) lib/active_record/migration.rb:389:in `check_pending!'
  activerecord (4.1.6) lib/active_record/migration.rb:377:in `call'
  actionpack (4.1.6) lib/action_dispatch/middleware/callbacks.rb:29:in `block in call'
  activesupport (4.1.6) lib/active_support/callbacks.rb:82:in `run_callbacks'
  actionpack (4.1.6) lib/action_dispatch/middleware/callbacks.rb:27:in `call'
  actionpack (4.1.6) lib/action_dispatch/middleware/reloader.rb:73:in `call'
  actionpack (4.1.6) lib/action_dispatch/middleware/remote_ip.rb:76:in `call'
  actionpack (4.1.6) lib/action_dispatch/middleware/debug_exceptions.rb:17:in `call'
  actionpack (4.1.6) lib/action_dispatch/middleware/show_exceptions.rb:30:in `call'
  railties (4.1.6) lib/rails/rack/logger.rb:38:in `call_app'
  railties (4.1.6) lib/rails/rack/logger.rb:20:in `block in call'
  activesupport (4.1.6) lib/active_support/tagged_logging.rb:68:in `block in tagged'
  activesupport (4.1.6) lib/active_support/tagged_logging.rb:26:in `tagged'
  activesupport (4.1.6) lib/active_support/tagged_logging.rb:68:in `tagged'
  railties (4.1.6) lib/rails/rack/logger.rb:20:in `call'
  actionpack (4.1.6) lib/action_dispatch/middleware/request_id.rb:21:in `call'
  rack (1.5.3) lib/rack/methodoverride.rb:21:in `call'
  rack (1.5.3) lib/rack/runtime.rb:17:in `call'
  activesupport (4.1.6) lib/active_support/cache/strategy/local_cache_middleware.rb:26:in `call'
  rack (1.5.3) lib/rack/lock.rb:17:in `call'
  actionpack (4.1.6) lib/action_dispatch/middleware/static.rb:64:in `call'
  rack (1.5.3) lib/rack/sendfile.rb:112:in `call'
  railties (4.1.6) lib/rails/engine.rb:514:in `call'
  railties (4.1.6) lib/rails/application.rb:144:in `call'
  rack (1.5.3) lib/rack/content_length.rb:14:in `call'
  thin (1.6.3) lib/thin/connection.rb:86:in `block in pre_process'
  thin (1.6.3) lib/thin/connection.rb:84:in `catch'
  thin (1.6.3) lib/thin/connection.rb:84:in `pre_process'
  thin (1.6.3) lib/thin/connection.rb:53:in `process'
  thin (1.6.3) lib/thin/connection.rb:39:in `receive_data'
  eventmachine (1.0.4) lib/eventmachine.rb:187:in `run_machine'
  eventmachine (1.0.4) lib/eventmachine.rb:187:in `run'
  thin (1.6.3) lib/thin/backends/base.rb:73:in `start'
  thin (1.6.3) lib/thin/server.rb:162:in `start'
  rack (1.5.3) lib/rack/handler/thin.rb:16:in `run'
  rack (1.5.3) lib/rack/server.rb:264:in `start'
  railties (4.1.6) lib/rails/commands/server.rb:69:in `start'
  railties (4.1.6) lib/rails/commands/commands_tasks.rb:81:in `block in server'
  railties (4.1.6) lib/rails/commands/commands_tasks.rb:76:in `tap'
  railties (4.1.6) lib/rails/commands/commands_tasks.rb:76:in `server'
  railties (4.1.6) lib/rails/commands/commands_tasks.rb:40:in `run_command!'
  railties (4.1.6) lib/rails/commands.rb:17:in `<top (required)>'
  bin/rails:8:in `require'
  bin/rails:8:in `<main>'


  Rendered /home/mondrian/.rvm/gems/ruby-2.0.0-p353/gems/actionpack-4.1.6/lib/action_dispatch/middleware/templates/rescues/_source.erb (0.5ms)
  Rendered /home/mondrian/.rvm/gems/ruby-2.0.0-p353/gems/actionpack-4.1.6/lib/action_dispatch/middleware/templates/rescues/_trace.html.erb (1.1ms)
  Rendered /home/mondrian/.rvm/gems/ruby-2.0.0-p353/gems/actionpack-4.1.6/lib/action_dispatch/middleware/templates/rescues/_request_and_response.html.erb (0.9ms)
  Rendered /home/mondrian/.rvm/gems/ruby-2.0.0-p353/gems/actionpack-4.1.6/lib/action_dispatch/middleware/templates/rescues/diagnostics.erb within rescues/layout (15.5ms)
  [1m[36mUsuario Load (7.8ms)[0m  [1mSELECT  "usuarios".* FROM "usuarios"   ORDER BY "usuarios"."id" DESC LIMIT 1[0m


Started GET "/" for 127.0.0.1 at 2015-05-14 10:44:14 -0300
Processing by Devise::SessionsController#new as HTML
Completed 500 Internal Server Error in 119ms

ActionView::MissingTemplate (Missing template layouts/login with {:locale=>[:"pt-BR"], :formats=>[:html], :variants=>[], :handlers=>[:erb, :builder, :raw, :ruby, :jbuilder, :haml]}. Searched in:
  * "/home/mondrian/workspace/ORIGINAIS/apodi/app/views"
  * "/home/mondrian/.rvm/gems/ruby-2.0.0-p353/gems/twitter-bootstrap-rails-2.2.8/app/views"
  * "/home/mondrian/.rvm/gems/ruby-2.0.0-p353/gems/devise-3.2.4/app/views"
):
  app/controllers/devise/sessions_controller.rb:15:in `new'


  Rendered /home/mondrian/.rvm/gems/ruby-2.0.0-p353/gems/actionpack-4.1.6/lib/action_dispatch/middleware/templates/rescues/missing_template.html.erb within rescues/layout (1.7ms)


Started GET "/" for 127.0.0.1 at 2015-05-14 10:49:29 -0300
Processing by Devise::SessionsController#new as HTML
Completed 500 Internal Server Error in 20ms

ActionView::MissingTemplate (Missing template layouts/login with {:locale=>[:"pt-BR"], :formats=>[:html], :variants=>[], :handlers=>[:erb, :builder, :raw, :ruby, :jbuilder, :haml]}. Searched in:
  * "/home/mondrian/workspace/ORIGINAIS/apodi/app/views"
  * "/home/mondrian/.rvm/gems/ruby-2.0.0-p353/gems/twitter-bootstrap-rails-2.2.8/app/views"
  * "/home/mondrian/.rvm/gems/ruby-2.0.0-p353/gems/devise-3.2.4/app/views"
):
  app/controllers/devise/sessions_controller.rb:15:in `new'


  Rendered /home/mondrian/.rvm/gems/ruby-2.0.0-p353/gems/actionpack-4.1.6/lib/action_dispatch/middleware/templates/rescues/missing_template.html.erb within rescues/layout (0.7ms)


Started GET "/" for 127.0.0.1 at 2015-05-14 10:49:38 -0300
Processing by Devise::SessionsController#new as HTML
Completed 500 Internal Server Error in 99ms

ActionView::MissingTemplate (Missing template layouts/login with {:locale=>[:"pt-BR"], :formats=>[:html], :variants=>[], :handlers=>[:erb, :builder, :raw, :ruby, :jbuilder, :haml]}. Searched in:
  * "/home/mondrian/workspace/ORIGINAIS/apodi/app/views"
  * "/home/mondrian/.rvm/gems/ruby-2.0.0-p353/gems/twitter-bootstrap-rails-2.2.8/app/views"
  * "/home/mondrian/.rvm/gems/ruby-2.0.0-p353/gems/devise-3.2.4/app/views"
):
  app/controllers/devise/sessions_controller.rb:15:in `new'


  Rendered /home/mondrian/.rvm/gems/ruby-2.0.0-p353/gems/actionpack-4.1.6/lib/action_dispatch/middleware/templates/rescues/missing_template.html.erb within rescues/layout (1.4ms)


Started GET "/" for 127.0.0.1 at 2015-05-14 10:50:27 -0300
Processing by Devise::SessionsController#new as HTML
  Rendered devise/sessions/new.html.haml within layouts/login (30.1ms)
Completed 500 Internal Server Error in 34ms

ActionView::Template::Error (Asset names passed to helpers should not include the "/assets/" prefix. Instead of "/assets/principal/slide1.png", use "principal/slide1.png"):
     8:     %h3 Digitalização, indexação e consulta de seu acervo.
     9:     = link_to 'SAIBA MAIS', root_url, class: 'button', style: 'float: rigth'
    10:   .slider-img.span5
    11:     = image_tag "/assets/principal/slide1.png", width: '93%'
    12: 
    13: #email.span3{style: 'border: 1px solid #ccc; padding: 20px;'}
    14:   %h3 Acesso ao Sistema
  app/views/devise/sessions/new.html.haml:11:in `_app_views_devise_sessions_new_html_haml__43920561_89691230'
  app/controllers/devise/sessions_controller.rb:15:in `new'


  Rendered /home/mondrian/.rvm/gems/ruby-2.0.0-p353/gems/actionpack-4.1.6/lib/action_dispatch/middleware/templates/rescues/_trace.html.erb (1.4ms)
  Rendered /home/mondrian/.rvm/gems/ruby-2.0.0-p353/gems/actionpack-4.1.6/lib/action_dispatch/middleware/templates/rescues/_request_and_response.html.erb (1.0ms)
  Rendered /home/mondrian/.rvm/gems/ruby-2.0.0-p353/gems/actionpack-4.1.6/lib/action_dispatch/middleware/templates/rescues/template_error.html.erb within rescues/layout (11.7ms)


Started GET "/" for 127.0.0.1 at 2015-05-14 10:51:44 -0300
Processing by Devise::SessionsController#new as HTML
  Rendered devise/shared/_links.erb (1.1ms)
  Rendered devise/sessions/new.html.haml within layouts/login (228.5ms)
Completed 500 Internal Server Error in 1367ms

ActionView::Template::Error (Asset names passed to helpers should not include the "/assets/" prefix. Instead of "/assets/principal/favicon.ico", use "principal/favicon.ico"):
    17:     = stylesheet_link_tag "login", :media => "all"
    18: 
    19:     
    20:     = favicon_link_tag '/assets/principal/favicon.ico', :rel => 'shortcut icon'
    21:     = javascript_include_tag "application"
    22: 
    23:   %body
  app/views/layouts/login.html.haml:20:in `_app_views_layouts_login_html_haml__75156999_90092930'
  app/controllers/devise/sessions_controller.rb:15:in `new'


  Rendered /home/mondrian/.rvm/gems/ruby-2.0.0-p353/gems/actionpack-4.1.6/lib/action_dispatch/middleware/templates/rescues/_trace.html.erb (1.3ms)
  Rendered /home/mondrian/.rvm/gems/ruby-2.0.0-p353/gems/actionpack-4.1.6/lib/action_dispatch/middleware/templates/rescues/_request_and_response.html.erb (1.0ms)
  Rendered /home/mondrian/.rvm/gems/ruby-2.0.0-p353/gems/actionpack-4.1.6/lib/action_dispatch/middleware/templates/rescues/template_error.html.erb within rescues/layout (11.6ms)


Started GET "/" for 127.0.0.1 at 2015-05-14 10:51:59 -0300
Processing by Devise::SessionsController#new as HTML
  Rendered devise/sessions/new.html.haml within layouts/login (5.9ms)
Completed 500 Internal Server Error in 8ms

ActionView::Template::Error (Asset names passed to helpers should not include the "/assets/" prefix. Instead of "/assets/principal/slide1.png", use "principal/slide1.png"):
     9:     = link_to 'SAIBA MAIS', root_url, class: 'button', style: 'float: rigth'
    10:   /
    11:     .slider-img.span5
    12:       = image_tag "/assets/principal/slide1.png", width: '93%'
    13: 
    14: #email.span3{style: 'border: 1px solid #ccc; padding: 20px;'}
    15:   %h3 Acesso ao Sistema
  app/views/devise/sessions/new.html.haml:12:in `_app_views_devise_sessions_new_html_haml__43920561_90248100'
  app/controllers/devise/sessions_controller.rb:15:in `new'


  Rendered /home/mondrian/.rvm/gems/ruby-2.0.0-p353/gems/actionpack-4.1.6/lib/action_dispatch/middleware/templates/rescues/_trace.html.erb (1.3ms)
  Rendered /home/mondrian/.rvm/gems/ruby-2.0.0-p353/gems/actionpack-4.1.6/lib/action_dispatch/middleware/templates/rescues/_request_and_response.html.erb (0.9ms)
  Rendered /home/mondrian/.rvm/gems/ruby-2.0.0-p353/gems/actionpack-4.1.6/lib/action_dispatch/middleware/templates/rescues/template_error.html.erb within rescues/layout (10.9ms)


Started GET "/" for 127.0.0.1 at 2015-05-14 10:52:09 -0300
Processing by Devise::SessionsController#new as HTML
  Rendered devise/shared/_links.erb (0.2ms)
  Rendered devise/sessions/new.html.haml within layouts/login (13.3ms)
Completed 500 Internal Server Error in 55ms

ActionView::Template::Error (Asset names passed to helpers should not include the "/assets/" prefix. Instead of "/assets/principal/favicon.ico", use "principal/favicon.ico"):
    17:     = stylesheet_link_tag "login", :media => "all"
    18: 
    19:     
    20:     = favicon_link_tag '/assets/principal/favicon.ico', :rel => 'shortcut icon'
    21:     = javascript_include_tag "application"
    22: 
    23:   %body
  app/views/layouts/login.html.haml:20:in `_app_views_layouts_login_html_haml__75156999_90092930'
  app/controllers/devise/sessions_controller.rb:15:in `new'


  Rendered /home/mondrian/.rvm/gems/ruby-2.0.0-p353/gems/actionpack-4.1.6/lib/action_dispatch/middleware/templates/rescues/_trace.html.erb (1.5ms)
  Rendered /home/mondrian/.rvm/gems/ruby-2.0.0-p353/gems/actionpack-4.1.6/lib/action_dispatch/middleware/templates/rescues/_request_and_response.html.erb (0.9ms)
  Rendered /home/mondrian/.rvm/gems/ruby-2.0.0-p353/gems/actionpack-4.1.6/lib/action_dispatch/middleware/templates/rescues/template_error.html.erb within rescues/layout (13.1ms)


Started GET "/" for 127.0.0.1 at 2015-05-14 10:53:18 -0300
Processing by Devise::SessionsController#new as HTML
  Rendered devise/shared/_links.erb (0.2ms)
  Rendered devise/sessions/new.html.haml within layouts/login (3.6ms)
Completed 500 Internal Server Error in 89ms

ActionView::Template::Error (Asset names passed to helpers should not include the "/assets/" prefix. Instead of "/assets/principal/favicon.ico", use "principal/favicon.ico"):
    17:     = stylesheet_link_tag "login", :media => "all"
    18: 
    19:     
    20:     = favicon_link_tag '/assets/principal/favicon.ico', :rel => 'shortcut icon'
    21:     = javascript_include_tag "application"
    22: 
    23:   %body
  app/views/layouts/login.html.haml:20:in `_app_views_layouts_login_html_haml__75156999_90092930'
  app/controllers/devise/sessions_controller.rb:15:in `new'


  Rendered /home/mondrian/.rvm/gems/ruby-2.0.0-p353/gems/actionpack-4.1.6/lib/action_dispatch/middleware/templates/rescues/_trace.html.erb (1.4ms)
  Rendered /home/mondrian/.rvm/gems/ruby-2.0.0-p353/gems/actionpack-4.1.6/lib/action_dispatch/middleware/templates/rescues/_request_and_response.html.erb (1.1ms)
  Rendered /home/mondrian/.rvm/gems/ruby-2.0.0-p353/gems/actionpack-4.1.6/lib/action_dispatch/middleware/templates/rescues/template_error.html.erb within rescues/layout (11.6ms)


Started GET "/" for 127.0.0.1 at 2015-05-14 10:53:34 -0300
Processing by Devise::SessionsController#new as HTML
  Rendered devise/shared/_links.erb (0.2ms)
  Rendered devise/sessions/new.html.haml within layouts/login (3.5ms)
Completed 500 Internal Server Error in 688ms

ActionView::Template::Error (Asset names passed to helpers should not include the "/assets/" prefix. Instead of "/assets/principal/logo_site.png", use "principal/logo_site.png"):
    25:         .row-fluid
    26:           #logo
    27:             = link_to root_url do
    28:               = image_tag "/assets/principal/logo_site.png"
    29:           %section#navigation
    30:             .span1
    31:             %nav#nav-wrap.span10
  app/views/layouts/login.html.haml:28:in `block in _app_views_layouts_login_html_haml__75156999_89809360'
  app/views/layouts/login.html.haml:27:in `_app_views_layouts_login_html_haml__75156999_89809360'
  app/controllers/devise/sessions_controller.rb:15:in `new'


  Rendered /home/mondrian/.rvm/gems/ruby-2.0.0-p353/gems/actionpack-4.1.6/lib/action_dispatch/middleware/templates/rescues/_trace.html.erb (1.2ms)
  Rendered /home/mondrian/.rvm/gems/ruby-2.0.0-p353/gems/actionpack-4.1.6/lib/action_dispatch/middleware/templates/rescues/_request_and_response.html.erb (0.8ms)
  Rendered /home/mondrian/.rvm/gems/ruby-2.0.0-p353/gems/actionpack-4.1.6/lib/action_dispatch/middleware/templates/rescues/template_error.html.erb within rescues/layout (10.7ms)


Started GET "/" for 127.0.0.1 at 2015-05-14 10:54:34 -0300
Processing by Devise::SessionsController#new as HTML
  Rendered devise/shared/_links.erb (0.2ms)
  Rendered devise/sessions/new.html.haml within layouts/login (3.4ms)
Completed 500 Internal Server Error in 217ms

ActionView::Template::Error (Asset names passed to helpers should not include the "/assets/" prefix. Instead of "/assets/principal/logo_site.png", use "principal/logo_site.png"):
    25:         .row-fluid
    26:           #logo
    27:             = link_to root_url do
    28:               = image_tag "/assets/principal/logo_site.png"
    29:           %section#navigation
    30:             .span1
    31:             %nav#nav-wrap.span10
  app/views/layouts/login.html.haml:28:in `block in _app_views_layouts_login_html_haml__75156999_89809360'
  app/views/layouts/login.html.haml:27:in `_app_views_layouts_login_html_haml__75156999_89809360'
  app/controllers/devise/sessions_controller.rb:15:in `new'


  Rendered /home/mondrian/.rvm/gems/ruby-2.0.0-p353/gems/actionpack-4.1.6/lib/action_dispatch/middleware/templates/rescues/_trace.html.erb (1.2ms)
  Rendered /home/mondrian/.rvm/gems/ruby-2.0.0-p353/gems/actionpack-4.1.6/lib/action_dispatch/middleware/templates/rescues/_request_and_response.html.erb (0.9ms)
  Rendered /home/mondrian/.rvm/gems/ruby-2.0.0-p353/gems/actionpack-4.1.6/lib/action_dispatch/middleware/templates/rescues/template_error.html.erb within rescues/layout (11.0ms)


Started GET "/" for 127.0.0.1 at 2015-05-14 10:54:54 -0300
Processing by Devise::SessionsController#new as HTML
  Rendered devise/shared/_links.erb (1.3ms)
  Rendered devise/sessions/new.html.haml within layouts/login (79.0ms)
Completed 500 Internal Server Error in 496ms

ActionView::Template::Error (Asset names passed to helpers should not include the "/assets/" prefix. Instead of "/assets/principal/logo_site.png", use "principal/logo_site.png"):
    25:         .row-fluid
    26:           #logo
    27:             = link_to root_url do
    28:               = image_tag "/assets/principal/logo_site.png"
    29:           %section#navigation
    30:             .span1
    31:             %nav#nav-wrap.span10
  app/views/layouts/login.html.haml:28:in `block in _app_views_layouts_login_html_haml__946992073_89019980'
  app/views/layouts/login.html.haml:27:in `_app_views_layouts_login_html_haml__946992073_89019980'
  app/controllers/devise/sessions_controller.rb:15:in `new'


  Rendered /home/mondrian/.rvm/gems/ruby-2.0.0-p353/gems/actionpack-4.1.6/lib/action_dispatch/middleware/templates/rescues/_trace.html.erb (1.2ms)
  Rendered /home/mondrian/.rvm/gems/ruby-2.0.0-p353/gems/actionpack-4.1.6/lib/action_dispatch/middleware/templates/rescues/_request_and_response.html.erb (0.9ms)
  Rendered /home/mondrian/.rvm/gems/ruby-2.0.0-p353/gems/actionpack-4.1.6/lib/action_dispatch/middleware/templates/rescues/template_error.html.erb within rescues/layout (11.1ms)


Started GET "/" for 127.0.0.1 at 2015-05-14 10:54:56 -0300
Processing by Devise::SessionsController#new as HTML
  Rendered devise/shared/_links.erb (0.2ms)
  Rendered devise/sessions/new.html.haml within layouts/login (3.8ms)
Completed 500 Internal Server Error in 212ms

ActionView::Template::Error (Asset names passed to helpers should not include the "/assets/" prefix. Instead of "/assets/principal/logo_site.png", use "principal/logo_site.png"):
    25:         .row-fluid
    26:           #logo
    27:             = link_to root_url do
    28:               = image_tag "/assets/principal/logo_site.png"
    29:           %section#navigation
    30:             .span1
    31:             %nav#nav-wrap.span10
  app/views/layouts/login.html.haml:28:in `block in _app_views_layouts_login_html_haml__946992073_89019980'
  app/views/layouts/login.html.haml:27:in `_app_views_layouts_login_html_haml__946992073_89019980'
  app/controllers/devise/sessions_controller.rb:15:in `new'


  Rendered /home/mondrian/.rvm/gems/ruby-2.0.0-p353/gems/actionpack-4.1.6/lib/action_dispatch/middleware/templates/rescues/_trace.html.erb (1.3ms)
  Rendered /home/mondrian/.rvm/gems/ruby-2.0.0-p353/gems/actionpack-4.1.6/lib/action_dispatch/middleware/templates/rescues/_request_and_response.html.erb (0.8ms)
  Rendered /home/mondrian/.rvm/gems/ruby-2.0.0-p353/gems/actionpack-4.1.6/lib/action_dispatch/middleware/templates/rescues/template_error.html.erb within rescues/layout (11.1ms)


Started GET "/" for 127.0.0.1 at 2015-05-14 11:02:08 -0300
Processing by Devise::SessionsController#new as HTML
  Rendered devise/shared/_links.erb (0.3ms)
  Rendered devise/sessions/new.html.haml within layouts/login (4.1ms)
Completed 500 Internal Server Error in 158ms

ActionView::Template::Error (Asset names passed to helpers should not include the "/assets/" prefix. Instead of "/assets/principal/logo_site.png", use "principal/logo_site.png"):
    25:         .row-fluid
    26:           #logo
    27:             = link_to root_url do
    28:               = image_tag "/assets/principal/logo_site.png"
    29:           %section#navigation
    30:             .span1
    31:             %nav#nav-wrap.span10
  app/views/layouts/login.html.haml:28:in `block in _app_views_layouts_login_html_haml__946992073_89019980'
  app/views/layouts/login.html.haml:27:in `_app_views_layouts_login_html_haml__946992073_89019980'
  app/controllers/devise/sessions_controller.rb:15:in `new'


  Rendered /home/mondrian/.rvm/gems/ruby-2.0.0-p353/gems/actionpack-4.1.6/lib/action_dispatch/middleware/templates/rescues/_trace.html.erb (1.5ms)
  Rendered /home/mondrian/.rvm/gems/ruby-2.0.0-p353/gems/actionpack-4.1.6/lib/action_dispatch/middleware/templates/rescues/_request_and_response.html.erb (0.9ms)
  Rendered /home/mondrian/.rvm/gems/ruby-2.0.0-p353/gems/actionpack-4.1.6/lib/action_dispatch/middleware/templates/rescues/template_error.html.erb within rescues/layout (11.1ms)


Started GET "/" for 127.0.0.1 at 2015-05-14 11:06:05 -0300
Processing by Devise::SessionsController#new as HTML
  Rendered devise/shared/_links.erb (1.9ms)
  Rendered devise/sessions/new.html.haml within layouts/login (87.2ms)
Completed 500 Internal Server Error in 513ms

ActionView::Template::Error (Asset names passed to helpers should not include the "/assets/" prefix. Instead of "/assets/principal/logo_site.png", use "principal/logo_site.png"):
    25:         .row-fluid
    26:           #logo
    27:             = link_to root_url do
    28:               = image_tag "/assets/principal/logo_site.png"
    29:           %section#navigation
    30:             .span1
    31:             %nav#nav-wrap.span10
  app/views/layouts/login.html.haml:28:in `block in _app_views_layouts_login_html_haml__862412562_108576650'
  app/views/layouts/login.html.haml:27:in `_app_views_layouts_login_html_haml__862412562_108576650'
  app/controllers/devise/sessions_controller.rb:15:in `new'


  Rendered /home/mondrian/.rvm/gems/ruby-2.0.0-p353/gems/actionpack-4.1.6/lib/action_dispatch/middleware/templates/rescues/_trace.html.erb (1.2ms)
  Rendered /home/mondrian/.rvm/gems/ruby-2.0.0-p353/gems/actionpack-4.1.6/lib/action_dispatch/middleware/templates/rescues/_request_and_response.html.erb (0.9ms)
  Rendered /home/mondrian/.rvm/gems/ruby-2.0.0-p353/gems/actionpack-4.1.6/lib/action_dispatch/middleware/templates/rescues/template_error.html.erb within rescues/layout (10.8ms)


Started GET "/" for 127.0.0.1 at 2015-05-14 11:08:43 -0300
Processing by Devise::SessionsController#new as HTML
  Rendered devise/shared/_links.erb (1.1ms)
  Rendered devise/sessions/new.html.haml within layouts/login (50.9ms)
Completed 500 Internal Server Error in 493ms

ActionView::Template::Error (Asset names passed to helpers should not include the "/assets/" prefix. Instead of "/assets/principal/logo_site.png", use "principal/logo_site.png"):
    25:         .row-fluid
    26:           #logo
    27:             = link_to root_url do
    28:               = image_tag "/assets/principal/logo_site.png"
    29:           %section#navigation
    30:             .span1
    31:             %nav#nav-wrap.span10
  app/views/layouts/login.html.haml:28:in `block in _app_views_layouts_login_html_haml__123093629_98310600'
  app/views/layouts/login.html.haml:27:in `_app_views_layouts_login_html_haml__123093629_98310600'
  app/controllers/devise/sessions_controller.rb:15:in `new'


  Rendered /home/mondrian/.rvm/gems/ruby-2.0.0-p353/gems/actionpack-4.1.6/lib/action_dispatch/middleware/templates/rescues/_trace.html.erb (1.8ms)
  Rendered /home/mondrian/.rvm/gems/ruby-2.0.0-p353/gems/actionpack-4.1.6/lib/action_dispatch/middleware/templates/rescues/_request_and_response.html.erb (0.9ms)
  Rendered /home/mondrian/.rvm/gems/ruby-2.0.0-p353/gems/actionpack-4.1.6/lib/action_dispatch/middleware/templates/rescues/template_error.html.erb within rescues/layout (11.9ms)


Started GET "/" for 127.0.0.1 at 2015-05-14 11:08:43 -0300
Processing by Devise::SessionsController#new as HTML
  Rendered devise/shared/_links.erb (0.2ms)
  Rendered devise/sessions/new.html.haml within layouts/login (2.7ms)
Completed 500 Internal Server Error in 149ms

ActionView::Template::Error (Asset names passed to helpers should not include the "/assets/" prefix. Instead of "/assets/principal/logo_site.png", use "principal/logo_site.png"):
    25:         .row-fluid
    26:           #logo
    27:             = link_to root_url do
    28:               = image_tag "/assets/principal/logo_site.png"
    29:           %section#navigation
    30:             .span1
    31:             %nav#nav-wrap.span10
  app/views/layouts/login.html.haml:28:in `block in _app_views_layouts_login_html_haml__123093629_98310600'
  app/views/layouts/login.html.haml:27:in `_app_views_layouts_login_html_haml__123093629_98310600'
  app/controllers/devise/sessions_controller.rb:15:in `new'


  Rendered /home/mondrian/.rvm/gems/ruby-2.0.0-p353/gems/actionpack-4.1.6/lib/action_dispatch/middleware/templates/rescues/_trace.html.erb (1.3ms)
  Rendered /home/mondrian/.rvm/gems/ruby-2.0.0-p353/gems/actionpack-4.1.6/lib/action_dispatch/middleware/templates/rescues/_request_and_response.html.erb (0.9ms)
  Rendered /home/mondrian/.rvm/gems/ruby-2.0.0-p353/gems/actionpack-4.1.6/lib/action_dispatch/middleware/templates/rescues/template_error.html.erb within rescues/layout (11.2ms)


Started GET "/" for 127.0.0.1 at 2015-05-14 11:08:46 -0300
Processing by Devise::SessionsController#new as HTML
  Rendered devise/shared/_links.erb (0.2ms)
  Rendered devise/sessions/new.html.haml within layouts/login (3.8ms)
Completed 500 Internal Server Error in 201ms

ActionView::Template::Error (Asset names passed to helpers should not include the "/assets/" prefix. Instead of "/assets/principal/logo_site.png", use "principal/logo_site.png"):
    25:         .row-fluid
    26:           #logo
    27:             = link_to root_url do
    28:               = image_tag "/assets/principal/logo_site.png"
    29:           %section#navigation
    30:             .span1
    31:             %nav#nav-wrap.span10
  app/views/layouts/login.html.haml:28:in `block in _app_views_layouts_login_html_haml__123093629_98310600'
  app/views/layouts/login.html.haml:27:in `_app_views_layouts_login_html_haml__123093629_98310600'
  app/controllers/devise/sessions_controller.rb:15:in `new'


  Rendered /home/mondrian/.rvm/gems/ruby-2.0.0-p353/gems/actionpack-4.1.6/lib/action_dispatch/middleware/templates/rescues/_trace.html.erb (1.3ms)
  Rendered /home/mondrian/.rvm/gems/ruby-2.0.0-p353/gems/actionpack-4.1.6/lib/action_dispatch/middleware/templates/rescues/_request_and_response.html.erb (1.2ms)
  Rendered /home/mondrian/.rvm/gems/ruby-2.0.0-p353/gems/actionpack-4.1.6/lib/action_dispatch/middleware/templates/rescues/template_error.html.erb within rescues/layout (70.2ms)


Started GET "/" for 127.0.0.1 at 2015-05-14 11:12:36 -0300
Processing by Devise::SessionsController#new as HTML
  Rendered devise/shared/_links.erb (0.3ms)
  Rendered devise/sessions/new.html.haml within layouts/login (4.6ms)
Completed 500 Internal Server Error in 164ms

ActionView::Template::Error (Asset names passed to helpers should not include the "/assets/" prefix. Instead of "/assets/principal/logo_site.png", use "principal/logo_site.png"):
    25:         .row-fluid
    26:           #logo
    27:             = link_to root_url do
    28:               = image_tag "/assets/principal/logo_site.png"
    29:           %section#navigation
    30:             .span1
    31:             %nav#nav-wrap.span10
  app/views/layouts/login.html.haml:28:in `block in _app_views_layouts_login_html_haml__123093629_98310600'
  app/views/layouts/login.html.haml:27:in `_app_views_layouts_login_html_haml__123093629_98310600'
  app/controllers/devise/sessions_controller.rb:15:in `new'


  Rendered /home/mondrian/.rvm/gems/ruby-2.0.0-p353/gems/actionpack-4.1.6/lib/action_dispatch/middleware/templates/rescues/_trace.html.erb (1.2ms)
  Rendered /home/mondrian/.rvm/gems/ruby-2.0.0-p353/gems/actionpack-4.1.6/lib/action_dispatch/middleware/templates/rescues/_request_and_response.html.erb (0.8ms)
  Rendered /home/mondrian/.rvm/gems/ruby-2.0.0-p353/gems/actionpack-4.1.6/lib/action_dispatch/middleware/templates/rescues/template_error.html.erb within rescues/layout (10.5ms)


Started GET "/" for 127.0.0.1 at 2015-05-14 11:21:23 -0300
Processing by Devise::SessionsController#new as HTML
  Rendered devise/shared/_links.erb (1.0ms)
  Rendered devise/sessions/new.html.haml within layouts/login (39.4ms)
Completed 500 Internal Server Error in 442ms

ActionView::Template::Error (Asset names passed to helpers should not include the "/assets/" prefix. Instead of "/assets/principal/logo_site.png", use "principal/logo_site.png"):
    25:         .row-fluid
    26:           #logo
    27:             = link_to root_url do
    28:               = image_tag "/assets/principal/logo_site.png"
    29:           %section#navigation
    30:             .span1
    31:             %nav#nav-wrap.span10
  app/views/layouts/login.html.haml:28:in `block in _app_views_layouts_login_html_haml___408754058_104569390'
  app/views/layouts/login.html.haml:27:in `_app_views_layouts_login_html_haml___408754058_104569390'
  app/controllers/devise/sessions_controller.rb:15:in `new'


  Rendered /home/mondrian/.rvm/gems/ruby-2.0.0-p353/gems/actionpack-4.1.6/lib/action_dispatch/middleware/templates/rescues/_trace.html.erb (1.3ms)
  Rendered /home/mondrian/.rvm/gems/ruby-2.0.0-p353/gems/actionpack-4.1.6/lib/action_dispatch/middleware/templates/rescues/_request_and_response.html.erb (0.8ms)
  Rendered /home/mondrian/.rvm/gems/ruby-2.0.0-p353/gems/actionpack-4.1.6/lib/action_dispatch/middleware/templates/rescues/template_error.html.erb within rescues/layout (11.0ms)


Started GET "/" for 127.0.0.1 at 2015-05-14 11:22:04 -0300
Processing by Devise::SessionsController#new as HTML
  Rendered devise/shared/_links.erb (0.2ms)
  Rendered devise/sessions/new.html.haml within layouts/login (3.6ms)
Completed 200 OK in 161ms (Views: 159.7ms | ActiveRecord: 0.0ms)


Started GET "/assets/login.css?body=1" for 127.0.0.1 at 2015-05-14 11:22:05 -0300


Started GET "/assets/bootstrap/bootstrap_and_overrides.css?body=1" for 127.0.0.1 at 2015-05-14 11:22:05 -0300


Started GET "/assets/jquery_ujs.js?body=1" for 127.0.0.1 at 2015-05-14 11:22:05 -0300


Started GET "/assets/login/style.css?body=1" for 127.0.0.1 at 2015-05-14 11:22:05 -0300


Started GET "/assets/login/color.css?body=1" for 127.0.0.1 at 2015-05-14 11:22:05 -0300


Started GET "/assets/login/layout.css?body=1" for 127.0.0.1 at 2015-05-14 11:22:05 -0300


Started GET "/assets/jquery.js?body=1" for 127.0.0.1 at 2015-05-14 11:22:05 -0300


Started GET "/assets/twitter/bootstrap/bootstrap-transition.js?body=1" for 127.0.0.1 at 2015-05-14 11:22:05 -0300


Started GET "/assets/twitter/bootstrap/bootstrap-alert.js?body=1" for 127.0.0.1 at 2015-05-14 11:22:05 -0300


Started GET "/assets/twitter/bootstrap/bootstrap-modal.js?body=1" for 127.0.0.1 at 2015-05-14 11:22:05 -0300


Started GET "/assets/twitter/bootstrap/bootstrap-tooltip.js?body=1" for 127.0.0.1 at 2015-05-14 11:22:05 -0300


Started GET "/assets/twitter/bootstrap/bootstrap-tab.js?body=1" for 127.0.0.1 at 2015-05-14 11:22:05 -0300


Started GET "/assets/twitter/bootstrap/bootstrap-dropdown.js?body=1" for 127.0.0.1 at 2015-05-14 11:22:05 -0300


Started GET "/assets/twitter/bootstrap/bootstrap-scrollspy.js?body=1" for 127.0.0.1 at 2015-05-14 11:22:05 -0300


Started GET "/assets/twitter/bootstrap/bootstrap-popover.js?body=1" for 127.0.0.1 at 2015-05-14 11:22:05 -0300


Started GET "/assets/twitter/bootstrap/bootstrap-button.js?body=1" for 127.0.0.1 at 2015-05-14 11:22:05 -0300


Started GET "/assets/twitter/bootstrap/bootstrap-collapse.js?body=1" for 127.0.0.1 at 2015-05-14 11:22:05 -0300


Started GET "/assets/twitter/bootstrap/bootstrap-carousel.js?body=1" for 127.0.0.1 at 2015-05-14 11:22:05 -0300


Started GET "/assets/twitter/bootstrap/bootstrap-typeahead.js?body=1" for 127.0.0.1 at 2015-05-14 11:22:05 -0300


Started GET "/assets/twitter/bootstrap/bootstrap-affix.js?body=1" for 127.0.0.1 at 2015-05-14 11:22:05 -0300


Started GET "/assets/twitter/bootstrap.js?body=1" for 127.0.0.1 at 2015-05-14 11:22:05 -0300


Started GET "/assets/zoom/jquery.zoom.min.js?body=1" for 127.0.0.1 at 2015-05-14 11:22:06 -0300


Started GET "/assets/slideshow/jquery.slides.min.js?body=1" for 127.0.0.1 at 2015-05-14 11:22:06 -0300


Started GET "/assets/maskedinput.js?body=1" for 127.0.0.1 at 2015-05-14 11:22:06 -0300


Started GET "/assets/bootstraps/jquery-dynamic-selectable.js?body=1" for 127.0.0.1 at 2015-05-14 11:22:06 -0300


Started GET "/assets/bootstraps/bootstrap.js?body=1" for 127.0.0.1 at 2015-05-14 11:22:06 -0300


Started GET "/assets/sonic-gif/b64.js?body=1" for 127.0.0.1 at 2015-05-14 11:22:06 -0300


Started GET "/assets/sonic-gif/GIFEncoder.js?body=1" for 127.0.0.1 at 2015-05-14 11:22:06 -0300


Started GET "/assets/bootstraps/asn.js?body=1" for 127.0.0.1 at 2015-05-14 11:22:06 -0300


Started GET "/assets/bootstraps/bootstrap-checkbox.js?body=1" for 127.0.0.1 at 2015-05-14 11:22:06 -0300


Started GET "/assets/bootstraps/bootstrap-datetimepicker.min.js?body=1" for 127.0.0.1 at 2015-05-14 11:22:06 -0300


Started GET "/assets/sonic-gif/LZWEncoder.js?body=1" for 127.0.0.1 at 2015-05-14 11:22:06 -0300


Started GET "/assets/sonic-gif/NeuQuant.js?body=1" for 127.0.0.1 at 2015-05-14 11:22:06 -0300


Started GET "/assets/sonic-gif/sonic.js?body=1" for 127.0.0.1 at 2015-05-14 11:22:06 -0300


Started GET "/assets/sonic-gif/init-loading.js?body=1" for 127.0.0.1 at 2015-05-14 11:22:06 -0300


Started GET "/assets/application.js?body=1" for 127.0.0.1 at 2015-05-14 11:22:06 -0300


Started GET "/assets/principal/logo_site.png" for 127.0.0.1 at 2015-05-14 11:22:06 -0300


Started POST "/usuarios/sign_in" for 127.0.0.1 at 2015-05-14 11:30:00 -0300
Processing by Devise::SessionsController#create as HTML
  Parameters: {"utf8"=>"✓", "authenticity_token"=>"XM7eK1xUsmQkESlNa9VAC3ZZobUbLKEInw5o0khzn+s=", "usuario"=>{"email"=>"cecaf", "password"=>"[FILTERED]"}, "commit"=>"Entrar"}
  [1m[36mUsuario Load (27.2ms)[0m  [1mSELECT  "usuarios".* FROM "usuarios"  WHERE "usuarios"."email" = 'cecaf'  ORDER BY "usuarios"."id" ASC LIMIT 1[0m
Completed 401 Unauthorized in 125ms
Processing by Devise::SessionsController#new as HTML
  Parameters: {"utf8"=>"✓", "authenticity_token"=>"XM7eK1xUsmQkESlNa9VAC3ZZobUbLKEInw5o0khzn+s=", "usuario"=>{"email"=>"cecaf", "password"=>"[FILTERED]"}, "commit"=>"Entrar"}
  Rendered devise/shared/_links.erb (0.1ms)
  Rendered devise/sessions/new.html.haml within layouts/login (2.6ms)
Completed 200 OK in 233ms (Views: 148.4ms | ActiveRecord: 0.0ms)
  [1m[36mUsuario Load (1.0ms)[0m  [1mSELECT  "usuarios".* FROM "usuarios"   ORDER BY "usuarios"."id" DESC LIMIT 1[0m
  [1m[35m (0.6ms)[0m  SELECT COUNT(*) FROM "usuarios"  WHERE (id <> 1)
  [1m[36mUsuario Load (0.8ms)[0m  [1mSELECT "usuarios".* FROM "usuarios"  WHERE (id <> 1)[0m
  [1m[35m (0.2ms)[0m  BEGIN
  [1m[36mSQL (0.4ms)[0m  [1mDELETE FROM "usuarios" WHERE "usuarios"."id" = $1[0m  [["id", 10]]
  [1m[35m (31.2ms)[0m  COMMIT
  [1m[36m (0.2ms)[0m  [1mBEGIN[0m
  [1m[35mSQL (0.3ms)[0m  DELETE FROM "usuarios" WHERE "usuarios"."id" = $1  [["id", 15]]
  [1m[36m (6.5ms)[0m  [1mCOMMIT[0m
  [1m[35m (0.1ms)[0m  BEGIN
  [1m[36mSQL (0.2ms)[0m  [1mDELETE FROM "usuarios" WHERE "usuarios"."id" = $1[0m  [["id", 6]]
  [1m[35m (6.7ms)[0m  COMMIT
  [1m[36m (0.1ms)[0m  [1mBEGIN[0m
  [1m[35mSQL (0.3ms)[0m  DELETE FROM "usuarios" WHERE "usuarios"."id" = $1  [["id", 3]]
  [1m[36m (7.0ms)[0m  [1mCOMMIT[0m
  [1m[35m (0.1ms)[0m  BEGIN
  [1m[36mSQL (0.3ms)[0m  [1mDELETE FROM "usuarios" WHERE "usuarios"."id" = $1[0m  [["id", 8]]
  [1m[35m (7.0ms)[0m  COMMIT
  [1m[36m (0.1ms)[0m  [1mBEGIN[0m
  [1m[35mSQL (0.3ms)[0m  DELETE FROM "usuarios" WHERE "usuarios"."id" = $1  [["id", 11]]
  [1m[36m (7.1ms)[0m  [1mCOMMIT[0m
  [1m[35m (0.4ms)[0m  BEGIN
  [1m[36mSQL (0.2ms)[0m  [1mDELETE FROM "usuarios" WHERE "usuarios"."id" = $1[0m  [["id", 9]]
  [1m[35m (6.8ms)[0m  COMMIT
  [1m[36m (0.1ms)[0m  [1mBEGIN[0m
  [1m[35mSQL (0.2ms)[0m  DELETE FROM "usuarios" WHERE "usuarios"."id" = $1  [["id", 7]]
  [1m[36m (6.5ms)[0m  [1mCOMMIT[0m
  [1m[35m (0.1ms)[0m  BEGIN
  [1m[36mSQL (0.2ms)[0m  [1mDELETE FROM "usuarios" WHERE "usuarios"."id" = $1[0m  [["id", 4]]
  [1m[35m (7.2ms)[0m  COMMIT
  [1m[36m (0.1ms)[0m  [1mBEGIN[0m
  [1m[35mSQL (0.2ms)[0m  DELETE FROM "usuarios" WHERE "usuarios"."id" = $1  [["id", 14]]
  [1m[36m (7.1ms)[0m  [1mCOMMIT[0m
  [1m[35m (0.1ms)[0m  BEGIN
  [1m[36mSQL (0.2ms)[0m  [1mDELETE FROM "usuarios" WHERE "usuarios"."id" = $1[0m  [["id", 2]]
  [1m[35m (6.8ms)[0m  COMMIT
  [1m[36m (0.2ms)[0m  [1mBEGIN[0m
  [1m[35mSQL (0.2ms)[0m  DELETE FROM "usuarios" WHERE "usuarios"."id" = $1  [["id", 13]]
  [1m[36m (6.7ms)[0m  [1mCOMMIT[0m
  [1m[35m (0.1ms)[0m  BEGIN
  [1m[36mSQL (0.1ms)[0m  [1mDELETE FROM "usuarios" WHERE "usuarios"."id" = $1[0m  [["id", 12]]
  [1m[35m (7.2ms)[0m  COMMIT
  [1m[36mUsuario Load (0.4ms)[0m  [1mSELECT  "usuarios".* FROM "usuarios"   ORDER BY "usuarios"."id" DESC LIMIT 1[0m
  [1m[35m (0.5ms)[0m  SELECT COUNT(*) FROM "usuarios"
  [1m[36mUsuario Load (0.6ms)[0m  [1mSELECT  "usuarios".* FROM "usuarios"   ORDER BY "usuarios"."id" DESC LIMIT 1[0m
  [1m[35m (0.2ms)[0m  BEGIN
  [1m[36mSQL (5.5ms)[0m  [1mUPDATE "usuarios" SET "encrypted_password" = $1, "updated_at" = $2 WHERE "usuarios"."id" = 1[0m  [["encrypted_password", "$2a$10$ibhMvj4rI8.eTd4t.IrPHOSi3GVAiPO3TH24qKPyj.7MgjS4n2OB6"], ["updated_at", "2015-05-14 16:06:17.922498"]]
  [1m[35m (15.2ms)[0m  COMMIT


Started POST "/usuarios/sign_in" for 127.0.0.1 at 2015-05-14 13:06:29 -0300
Processing by Devise::SessionsController#create as HTML
  Parameters: {"utf8"=>"✓", "authenticity_token"=>"XM7eK1xUsmQkESlNa9VAC3ZZobUbLKEInw5o0khzn+s=", "usuario"=>{"email"=>"admin@mondriantecnologia.com", "password"=>"[FILTERED]"}, "commit"=>"Entrar"}
  [1m[35mUsuario Load (0.6ms)[0m  SELECT  "usuarios".* FROM "usuarios"  WHERE "usuarios"."email" = 'admin@mondriantecnologia.com'  ORDER BY "usuarios"."id" ASC LIMIT 1
  [1m[36m (0.1ms)[0m  [1mBEGIN[0m
  [1m[35mSQL (0.3ms)[0m  UPDATE "usuarios" SET "current_sign_in_at" = $1, "current_sign_in_ip" = $2, "last_sign_in_at" = $3, "sign_in_count" = $4, "updated_at" = $5 WHERE "usuarios"."id" = 1  [["current_sign_in_at", "2015-05-14 16:06:29.672173"], ["current_sign_in_ip", "127.0.0.1"], ["last_sign_in_at", "2014-07-15 19:39:16.201647"], ["sign_in_count", 213], ["updated_at", "2015-05-14 16:06:29.675566"]]
  [1m[36m (22.7ms)[0m  [1mCOMMIT[0m
Redirected to http://localhost:3000/
Completed 302 Found in 210ms (ActiveRecord: 23.9ms)


Started GET "/" for 127.0.0.1 at 2015-05-14 13:06:29 -0300
  [1m[35mUsuario Load (0.4ms)[0m  SELECT  "usuarios".* FROM "usuarios"  WHERE "usuarios"."id" = 1  ORDER BY "usuarios"."id" ASC LIMIT 1

ActionController::RoutingError (uninitialized constant UsuariosController):
  activesupport (4.1.6) lib/active_support/inflector/methods.rb:238:in `const_get'
  activesupport (4.1.6) lib/active_support/inflector/methods.rb:238:in `block in constantize'
  activesupport (4.1.6) lib/active_support/inflector/methods.rb:236:in `each'
  activesupport (4.1.6) lib/active_support/inflector/methods.rb:236:in `inject'
  activesupport (4.1.6) lib/active_support/inflector/methods.rb:236:in `constantize'
  actionpack (4.1.6) lib/action_dispatch/routing/route_set.rb:78:in `controller_reference'
  actionpack (4.1.6) lib/action_dispatch/routing/route_set.rb:68:in `controller'
  actionpack (4.1.6) lib/action_dispatch/routing/route_set.rb:46:in `call'
  actionpack (4.1.6) lib/action_dispatch/routing/mapper.rb:45:in `call'
  actionpack (4.1.6) lib/action_dispatch/journey/router.rb:73:in `block in call'
  actionpack (4.1.6) lib/action_dispatch/journey/router.rb:59:in `each'
  actionpack (4.1.6) lib/action_dispatch/journey/router.rb:59:in `call'
  actionpack (4.1.6) lib/action_dispatch/routing/route_set.rb:678:in `call'
  warden (1.2.3) lib/warden/manager.rb:35:in `block in call'
  warden (1.2.3) lib/warden/manager.rb:34:in `catch'
  warden (1.2.3) lib/warden/manager.rb:34:in `call'
  rack (1.5.3) lib/rack/etag.rb:23:in `call'
  rack (1.5.3) lib/rack/conditionalget.rb:25:in `call'
  rack (1.5.3) lib/rack/head.rb:11:in `call'
  actionpack (4.1.6) lib/action_dispatch/middleware/params_parser.rb:27:in `call'
  actionpack (4.1.6) lib/action_dispatch/middleware/flash.rb:254:in `call'
  rack (1.5.3) lib/rack/session/abstract/id.rb:225:in `context'
  rack (1.5.3) lib/rack/session/abstract/id.rb:220:in `call'
  actionpack (4.1.6) lib/action_dispatch/middleware/cookies.rb:560:in `call'
  activerecord (4.1.6) lib/active_record/query_cache.rb:36:in `call'
  activerecord (4.1.6) lib/active_record/connection_adapters/abstract/connection_pool.rb:621:in `call'
  activerecord (4.1.6) lib/active_record/migration.rb:380:in `call'
  actionpack (4.1.6) lib/action_dispatch/middleware/callbacks.rb:29:in `block in call'
  activesupport (4.1.6) lib/active_support/callbacks.rb:82:in `run_callbacks'
  actionpack (4.1.6) lib/action_dispatch/middleware/callbacks.rb:27:in `call'
  actionpack (4.1.6) lib/action_dispatch/middleware/reloader.rb:73:in `call'
  actionpack (4.1.6) lib/action_dispatch/middleware/remote_ip.rb:76:in `call'
  actionpack (4.1.6) lib/action_dispatch/middleware/debug_exceptions.rb:17:in `call'
  actionpack (4.1.6) lib/action_dispatch/middleware/show_exceptions.rb:30:in `call'
  railties (4.1.6) lib/rails/rack/logger.rb:38:in `call_app'
  railties (4.1.6) lib/rails/rack/logger.rb:20:in `block in call'
  activesupport (4.1.6) lib/active_support/tagged_logging.rb:68:in `block in tagged'
  activesupport (4.1.6) lib/active_support/tagged_logging.rb:26:in `tagged'
  activesupport (4.1.6) lib/active_support/tagged_logging.rb:68:in `tagged'
  railties (4.1.6) lib/rails/rack/logger.rb:20:in `call'
  actionpack (4.1.6) lib/action_dispatch/middleware/request_id.rb:21:in `call'
  rack (1.5.3) lib/rack/methodoverride.rb:21:in `call'
  rack (1.5.3) lib/rack/runtime.rb:17:in `call'
  activesupport (4.1.6) lib/active_support/cache/strategy/local_cache_middleware.rb:26:in `call'
  rack (1.5.3) lib/rack/lock.rb:17:in `call'
  actionpack (4.1.6) lib/action_dispatch/middleware/static.rb:64:in `call'
  rack (1.5.3) lib/rack/sendfile.rb:112:in `call'
  railties (4.1.6) lib/rails/engine.rb:514:in `call'
  railties (4.1.6) lib/rails/application.rb:144:in `call'
  rack (1.5.3) lib/rack/content_length.rb:14:in `call'
  thin (1.6.3) lib/thin/connection.rb:86:in `block in pre_process'
  thin (1.6.3) lib/thin/connection.rb:84:in `catch'
  thin (1.6.3) lib/thin/connection.rb:84:in `pre_process'
  thin (1.6.3) lib/thin/connection.rb:53:in `process'
  thin (1.6.3) lib/thin/connection.rb:39:in `receive_data'
  eventmachine (1.0.4) lib/eventmachine.rb:187:in `run_machine'
  eventmachine (1.0.4) lib/eventmachine.rb:187:in `run'
  thin (1.6.3) lib/thin/backends/base.rb:73:in `start'
  thin (1.6.3) lib/thin/server.rb:162:in `start'
  rack (1.5.3) lib/rack/handler/thin.rb:16:in `run'
  rack (1.5.3) lib/rack/server.rb:264:in `start'
  railties (4.1.6) lib/rails/commands/server.rb:69:in `start'
  railties (4.1.6) lib/rails/commands/commands_tasks.rb:81:in `block in server'
  railties (4.1.6) lib/rails/commands/commands_tasks.rb:76:in `tap'
  railties (4.1.6) lib/rails/commands/commands_tasks.rb:76:in `server'
  railties (4.1.6) lib/rails/commands/commands_tasks.rb:40:in `run_command!'
  railties (4.1.6) lib/rails/commands.rb:17:in `<top (required)>'
  bin/rails:8:in `require'
  bin/rails:8:in `<main>'


  Rendered /home/mondrian/.rvm/gems/ruby-2.0.0-p353/gems/actionpack-4.1.6/lib/action_dispatch/middleware/templates/rescues/_trace.html.erb (1.1ms)
  Rendered /home/mondrian/.rvm/gems/ruby-2.0.0-p353/gems/actionpack-4.1.6/lib/action_dispatch/middleware/templates/routes/_route.html.erb (16.9ms)
  Rendered /home/mondrian/.rvm/gems/ruby-2.0.0-p353/gems/actionpack-4.1.6/lib/action_dispatch/middleware/templates/routes/_table.html.erb (11.1ms)
  Rendered /home/mondrian/.rvm/gems/ruby-2.0.0-p353/gems/actionpack-4.1.6/lib/action_dispatch/middleware/templates/rescues/routing_error.html.erb within rescues/layout (263.0ms)


Started GET "/" for 127.0.0.1 at 2015-05-14 13:07:09 -0300
  [1m[36mUsuario Load (0.3ms)[0m  [1mSELECT  "usuarios".* FROM "usuarios"  WHERE "usuarios"."id" = 1  ORDER BY "usuarios"."id" ASC LIMIT 1[0m
Processing by UsuariosController#index as HTML
Completed 500 Internal Server Error in 24ms

NoMethodError (undefined method `empresa' for #<Ability:0xd237a78>):
  app/models/ability.rb:13:in `initialize'
  app/controllers/application_controller.rb:31:in `new'
  app/controllers/application_controller.rb:31:in `current_ability'


  Rendered /home/mondrian/.rvm/gems/ruby-2.0.0-p353/gems/actionpack-4.1.6/lib/action_dispatch/middleware/templates/rescues/_source.erb (0.6ms)
  Rendered /home/mondrian/.rvm/gems/ruby-2.0.0-p353/gems/actionpack-4.1.6/lib/action_dispatch/middleware/templates/rescues/_trace.html.erb (1.1ms)
  Rendered /home/mondrian/.rvm/gems/ruby-2.0.0-p353/gems/actionpack-4.1.6/lib/action_dispatch/middleware/templates/rescues/_request_and_response.html.erb (0.8ms)
  Rendered /home/mondrian/.rvm/gems/ruby-2.0.0-p353/gems/actionpack-4.1.6/lib/action_dispatch/middleware/templates/rescues/diagnostics.erb within rescues/layout (18.4ms)


Started GET "/" for 127.0.0.1 at 2015-05-14 13:50:24 -0300
  [1m[35mUsuario Load (118.3ms)[0m  SELECT  "usuarios".* FROM "usuarios"  WHERE "usuarios"."id" = 1  ORDER BY "usuarios"."id" ASC LIMIT 1
Processing by UsuariosController#index as HTML
Completed 500 Internal Server Error in 4ms

NoMethodError (undefined method `empresa' for #<Ability:0xd453528>):
  app/models/ability.rb:13:in `initialize'
  app/controllers/application_controller.rb:31:in `new'
  app/controllers/application_controller.rb:31:in `current_ability'


  Rendered /home/mondrian/.rvm/gems/ruby-2.0.0-p353/gems/actionpack-4.1.6/lib/action_dispatch/middleware/templates/rescues/_source.erb (0.6ms)
  Rendered /home/mondrian/.rvm/gems/ruby-2.0.0-p353/gems/actionpack-4.1.6/lib/action_dispatch/middleware/templates/rescues/_trace.html.erb (1.2ms)
  Rendered /home/mondrian/.rvm/gems/ruby-2.0.0-p353/gems/actionpack-4.1.6/lib/action_dispatch/middleware/templates/rescues/_request_and_response.html.erb (0.9ms)
  Rendered /home/mondrian/.rvm/gems/ruby-2.0.0-p353/gems/actionpack-4.1.6/lib/action_dispatch/middleware/templates/rescues/diagnostics.erb within rescues/layout (39.9ms)
